# JRE version: OpenJDK Runtime Environment (10.0.2+13) (build 10.0.2+13-Ubuntu-1ubuntu0.18.04.1)
# Java VM: OpenJDK 64-Bit Server VM (10.0.2+13-Ubuntu-1ubuntu0.18.04.1, mixed mode, tiered, compressed oops, serial gc, linux-amd64)
Heap:
 def new generation   total 11968K, used 0K [0x0000000080000000, 0x0000000080cf0000, 0x00000000aaaa0000)
  eden space 10688K,   0% used [0x0000000080000000, 0x0000000080000000, 0x0000000080a70000)
  from space 1280K,   0% used [0x0000000080a70000, 0x0000000080a70000, 0x0000000080bb0000)
  to   space 1280K,   0% used [0x0000000080bb0000, 0x0000000080bb0000, 0x0000000080cf0000)
 tenured generation   total 26424K, used 15853K [0x00000000aaaa0000, 0x00000000ac46e000, 0x0000000100000000)
   the space 26424K,  59% used [0x00000000aaaa0000, 0x00000000aba1b688, 0x00000000aba1b800, 0x00000000ac46e000)
 Metaspace       used 28017K, capacity 28632K, committed 29184K, reserved 1075200K
  class space    used 2806K, capacity 3025K, committed 3072K, reserved 1048576K
GC Heap History (10 events):
Event: 7.634 GC heap before
{Heap before GC invocations=9 (full 1):
 def new generation   total 9920K, used 9784K [0x0000000080000000, 0x0000000080ac0000, 0x00000000aaaa0000)
  eden space 8832K, 100% used [0x0000000080000000, 0x00000000808a0000, 0x00000000808a0000)
  from space 1088K,  87% used [0x00000000809b0000, 0x0000000080a9e0a0, 0x0000000080ac0000)
  to   space 1088K,   0% used [0x00000000808a0000, 0x00000000808a0000, 0x00000000809b0000)
 tenured generation   total 21888K, used 12293K [0x00000000aaaa0000, 0x00000000ac000000, 0x0000000100000000)
   the space 21888K,  56% used [0x00000000aaaa0000, 0x00000000ab6a14b0, 0x00000000ab6a1600, 0x00000000ac000000)
 Metaspace       used 26315K, capacity 26916K, committed 27264K, reserved 1073152K
  class space    used 2638K, capacity 2859K, committed 2944K, reserved 1048576K
}
Event: 7.645 GC heap after
{Heap after GC invocations=10 (full 1):
 def new generation   total 9920K, used 1087K [0x0000000080000000, 0x0000000080ac0000, 0x00000000aaaa0000)
  eden space 8832K,   0% used [0x0000000080000000, 0x0000000080000000, 0x00000000808a0000)
  from space 1088K,  99% used [0x00000000808a0000, 0x00000000809afff8, 0x00000000809b0000)
  to   space 1088K,   0% used [0x00000000809b0000, 0x00000000809b0000, 0x0000000080ac0000)
 tenured generation   total 21888K, used 13705K [0x00000000aaaa0000, 0x00000000ac000000, 0x0000000100000000)
   the space 21888K,  62% used [0x00000000aaaa0000, 0x00000000ab802530, 0x00000000ab802600, 0x00000000ac000000)
 Metaspace       used 26315K, capacity 26916K, committed 27264K, reserved 1073152K
  class space    used 2638K, capacity 2859K, committed 2944K, reserved 1048576K
}
Event: 7.939 GC heap before
{Heap before GC invocations=10 (full 1):
 def new generation   total 9920K, used 9919K [0x0000000080000000, 0x0000000080ac0000, 0x00000000aaaa0000)
  eden space 8832K, 100% used [0x0000000080000000, 0x00000000808a0000, 0x00000000808a0000)
  from space 1088K,  99% used [0x00000000808a0000, 0x00000000809afff8, 0x00000000809b0000)
  to   space 1088K,   0% used [0x00000000809b0000, 0x00000000809b0000, 0x0000000080ac0000)
 tenured generation   total 21888K, used 13705K [0x00000000aaaa0000, 0x00000000ac000000, 0x0000000100000000)
   the space 21888K,  62% used [0x00000000aaaa0000, 0x00000000ab802530, 0x00000000ab802600, 0x00000000ac000000)
 Metaspace       used 26669K, capacity 27306K, committed 27776K, reserved 1075200K
  class space    used 2672K, capacity 2924K, committed 2944K, reserved 1048576K
}
Event: 7.944 GC heap after
{Heap after GC invocations=11 (full 1):
 def new generation   total 9920K, used 635K [0x0000000080000000, 0x0000000080ac0000, 0x00000000aaaa0000)
  eden space 8832K,   0% used [0x0000000080000000, 0x0000000080000000, 0x00000000808a0000)
  from space 1088K,  58% used [0x00000000809b0000, 0x0000000080a4eea8, 0x0000000080ac0000)
  to   space 1088K,   0% used [0x00000000808a0000, 0x00000000808a0000, 0x00000000809b0000)
 tenured generation   total 21888K, used 14748K [0x00000000aaaa0000, 0x00000000ac000000, 0x0000000100000000)
   the space 21888K,  67% used [0x00000000aaaa0000, 0x00000000ab9073e0, 0x00000000ab907400, 0x00000000ac000000)
 Metaspace       used 26669K, capacity 27306K, committed 27776K, reserved 1075200K
  class space    used 2672K, capacity 2924K, committed 2944K, reserved 1048576K
}
Event: 8.587 GC heap before
{Heap before GC invocations=11 (full 1):
 def new generation   total 9920K, used 9467K [0x0000000080000000, 0x0000000080ac0000, 0x00000000aaaa0000)
  eden space 8832K, 100% used [0x0000000080000000, 0x00000000808a0000, 0x00000000808a0000)
  from space 1088K,  58% used [0x00000000809b0000, 0x0000000080a4eea8, 0x0000000080ac0000)
  to   space 1088K,   0% used [0x00000000808a0000, 0x00000000808a0000, 0x00000000809b0000)
 tenured generation   total 21888K, used 14748K [0x00000000aaaa0000, 0x00000000ac000000, 0x0000000100000000)
   the space 21888K,  67% used [0x00000000aaaa0000, 0x00000000ab9073e0, 0x00000000ab907400, 0x00000000ac000000)
 Metaspace       used 27085K, capacity 27658K, committed 28160K, reserved 1075200K
  class space    used 2708K, capacity 2956K, committed 3072K, reserved 1048576K
}
Event: 8.618 GC heap after
{Heap after GC invocations=12 (full 1):
 def new generation   total 9920K, used 920K [0x0000000080000000, 0x0000000080ac0000, 0x00000000aaaa0000)
  eden space 8832K,   0% used [0x0000000080000000, 0x0000000080000000, 0x00000000808a0000)
  from space 1088K,  84% used [0x00000000808a0000, 0x0000000080986368, 0x00000000809b0000)
  to   space 1088K,   0% used [0x00000000809b0000, 0x00000000809b0000, 0x0000000080ac0000)
 tenured generation   total 21888K, used 15383K [0x00000000aaaa0000, 0x00000000ac000000, 0x0000000100000000)
   the space 21888K,  70% used [0x00000000aaaa0000, 0x00000000ab9a5fd0, 0x00000000ab9a6000, 0x00000000ac000000)
 Metaspace       used 27085K, capacity 27658K, committed 28160K, reserved 1075200K
  class space    used 2708K, capacity 2956K, committed 3072K, reserved 1048576K
}
Event: 9.494 GC heap before
{Heap before GC invocations=12 (full 1):
 def new generation   total 9920K, used 9752K [0x0000000080000000, 0x0000000080ac0000, 0x00000000aaaa0000)
  eden space 8832K, 100% used [0x0000000080000000, 0x00000000808a0000, 0x00000000808a0000)
  from space 1088K,  84% used [0x00000000808a0000, 0x0000000080986368, 0x00000000809b0000)
  to   space 1088K,   0% used [0x00000000809b0000, 0x00000000809b0000, 0x0000000080ac0000)
 tenured generation   total 21888K, used 15383K [0x00000000aaaa0000, 0x00000000ac000000, 0x0000000100000000)
   the space 21888K,  70% used [0x00000000aaaa0000, 0x00000000ab9a5fd0, 0x00000000ab9a6000, 0x00000000ac000000)
 Metaspace       used 27240K, capacity 27853K, committed 28416K, reserved 1075200K
  class space    used 2727K, capacity 2957K, committed 3072K, reserved 1048576K
}
Event: 9.525 GC heap after
{Heap after GC invocations=13 (full 1):
 def new generation   total 9920K, used 183K [0x0000000080000000, 0x0000000080ac0000, 0x00000000aaaa0000)
  eden space 8832K,   0% used [0x0000000080000000, 0x0000000080000000, 0x00000000808a0000)
  from space 1088K,  16% used [0x00000000809b0000, 0x00000000809ddd78, 0x0000000080ac0000)
  to   space 1088K,   0% used [0x00000000808a0000, 0x00000000808a0000, 0x00000000809b0000)
 tenured generation   total 21888K, used 15551K [0x00000000aaaa0000, 0x00000000ac000000, 0x0000000100000000)
   the space 21888K,  71% used [0x00000000aaaa0000, 0x00000000ab9cfdf8, 0x00000000ab9cfe00, 0x00000000ac000000)
 Metaspace       used 27240K, capacity 27853K, committed 28416K, reserved 1075200K
  class space    used 2727K, capacity 2957K, committed 3072K, reserved 1048576K
}
Event: 13.693 GC heap before
{Heap before GC invocations=13 (full 1):
 def new generation   total 9920K, used 7953K [0x0000000080000000, 0x0000000080ac0000, 0x00000000aaaa0000)
  eden space 8832K,  87% used [0x0000000080000000, 0x0000000080796a20, 0x00000000808a0000)
  from space 1088K,  16% used [0x00000000809b0000, 0x00000000809ddd78, 0x0000000080ac0000)
  to   space 1088K,   0% used [0x00000000808a0000, 0x00000000808a0000, 0x00000000809b0000)
 tenured generation   total 21888K, used 15551K [0x00000000aaaa0000, 0x00000000ac000000, 0x0000000100000000)
   the space 21888K,  71% used [0x00000000aaaa0000, 0x00000000ab9cfdf8, 0x00000000ab9cfe00, 0x00000000ac000000)
 Metaspace       used 28017K, capacity 28632K, committed 29184K, reserved 1075200K
  class space    used 2806K, capacity 3025K, committed 3072K, reserved 1048576K
}
Event: 13.730 GC heap after
{Heap after GC invocations=14 (full 2):
 def new generation   total 11968K, used 0K [0x0000000080000000, 0x0000000080cf0000, 0x00000000aaaa0000)
  eden space 10688K,   0% used [0x0000000080000000, 0x0000000080000000, 0x0000000080a70000)
  from space 1280K,   0% used [0x0000000080a70000, 0x0000000080a70000, 0x0000000080bb0000)
  to   space 1280K,   0% used [0x0000000080bb0000, 0x0000000080bb0000, 0x0000000080cf0000)
 tenured generation   total 26424K, used 15853K [0x00000000aaaa0000, 0x00000000ac46e000, 0x0000000100000000)
   the space 26424K,  59% used [0x00000000aaaa0000, 0x00000000aba1b688, 0x00000000aba1b800, 0x00000000ac46e000)
 Metaspace       used 28017K, capacity 28632K, committed 29184K, reserved 1075200K
  class space    used 2806K, capacity 3025K, committed 3072K, reserved 1048576K
}

