# JRE version: OpenJDK Runtime Environment (10.0.2+13) (build 10.0.2+13-Ubuntu-1ubuntu0.18.04.1)
# Java VM: OpenJDK 64-Bit Server VM (10.0.2+13-Ubuntu-1ubuntu0.18.04.1, mixed mode, tiered, compressed oops, serial gc, linux-amd64)
Heap:
 def new generation   total 11904K, used 0K [0x0000000080000000, 0x0000000080ce0000, 0x00000000aaaa0000)
  eden space 10624K,   0% used [0x0000000080000000, 0x0000000080000000, 0x0000000080a60000)
  from space 1280K,   0% used [0x0000000080a60000, 0x0000000080a60000, 0x0000000080ba0000)
  to   space 1280K,   0% used [0x0000000080ba0000, 0x0000000080ba0000, 0x0000000080ce0000)
 tenured generation   total 128736K, used 16528K [0x00000000aaaa0000, 0x00000000b2858000, 0x0000000100000000)
   the space 128736K,  12% used [0x00000000aaaa0000, 0x00000000abac43b8, 0x00000000abac4400, 0x00000000b2858000)
 Metaspace       used 28964K, capacity 29507K, committed 30080K, reserved 1077248K
  class space    used 2900K, capacity 3124K, committed 3200K, reserved 1048576K
GC Heap History (10 events):
Event: 7.031 GC heap after
{Heap after GC invocations=13 (full 1):
 def new generation   total 9920K, used 165K [0x0000000080000000, 0x0000000080ac0000, 0x00000000aaaa0000)
  eden space 8832K,   0% used [0x0000000080000000, 0x0000000080000000, 0x00000000808a0000)
  from space 1088K,  15% used [0x00000000809b0000, 0x00000000809d94e8, 0x0000000080ac0000)
  to   space 1088K,   0% used [0x00000000808a0000, 0x00000000808a0000, 0x00000000809b0000)
 tenured generation   total 21888K, used 15498K [0x00000000aaaa0000, 0x00000000ac000000, 0x0000000100000000)
   the space 21888K,  70% used [0x00000000aaaa0000, 0x00000000ab9c2bd8, 0x00000000ab9c2c00, 0x00000000ac000000)
 Metaspace       used 27265K, capacity 27758K, committed 28288K, reserved 1075200K
  class space    used 2719K, capacity 2925K, committed 2944K, reserved 1048576K
}
Event: 7.400 GC heap before
{Heap before GC invocations=13 (full 1):
 def new generation   total 9920K, used 7515K [0x0000000080000000, 0x0000000080ac0000, 0x00000000aaaa0000)
  eden space 8832K,  83% used [0x0000000080000000, 0x000000008072d898, 0x00000000808a0000)
  from space 1088K,  15% used [0x00000000809b0000, 0x00000000809d94e8, 0x0000000080ac0000)
  to   space 1088K,   0% used [0x00000000808a0000, 0x00000000808a0000, 0x00000000809b0000)
 tenured generation   total 21888K, used 15498K [0x00000000aaaa0000, 0x00000000ac000000, 0x0000000100000000)
   the space 21888K,  70% used [0x00000000aaaa0000, 0x00000000ab9c2bd8, 0x00000000ab9c2c00, 0x00000000ac000000)
 Metaspace       used 27954K, capacity 28473K, committed 28928K, reserved 1075200K
  class space    used 2789K, capacity 2993K, committed 3072K, reserved 1048576K
}
Event: 7.433 GC heap after
{Heap after GC invocations=14 (full 2):
 def new generation   total 11904K, used 0K [0x0000000080000000, 0x0000000080ce0000, 0x00000000aaaa0000)
  eden space 10624K,   0% used [0x0000000080000000, 0x0000000080000000, 0x0000000080a60000)
  from space 1280K,   0% used [0x0000000080a60000, 0x0000000080a60000, 0x0000000080ba0000)
  to   space 1280K,   0% used [0x0000000080ba0000, 0x0000000080ba0000, 0x0000000080ce0000)
 tenured generation   total 26332K, used 15797K [0x00000000aaaa0000, 0x00000000ac457000, 0x0000000100000000)
   the space 26332K,  59% used [0x00000000aaaa0000, 0x00000000aba0d598, 0x00000000aba0d600, 0x00000000ac457000)
 Metaspace       used 27954K, capacity 28473K, committed 28928K, reserved 1075200K
  class space    used 2789K, capacity 2993K, committed 3072K, reserved 1048576K
}
Event: 13.679 GC heap before
{Heap before GC invocations=14 (full 2):
 def new generation   total 11904K, used 10624K [0x0000000080000000, 0x0000000080ce0000, 0x00000000aaaa0000)
  eden space 10624K, 100% used [0x0000000080000000, 0x0000000080a60000, 0x0000000080a60000)
  from space 1280K,   0% used [0x0000000080a60000, 0x0000000080a60000, 0x0000000080ba0000)
  to   space 1280K,   0% used [0x0000000080ba0000, 0x0000000080ba0000, 0x0000000080ce0000)
 tenured generation   total 128736K, used 118197K [0x00000000aaaa0000, 0x00000000b2858000, 0x0000000100000000)
   the space 128736K,  91% used [0x00000000aaaa0000, 0x00000000b1e0d5a8, 0x00000000b1e0d600, 0x00000000b2858000)
 Metaspace       used 28852K, capacity 29376K, committed 29824K, reserved 1075200K
  class space    used 2894K, capacity 3122K, committed 3200K, reserved 1048576K
}
Event: 13.697 GC heap after
{Heap after GC invocations=15 (full 2):
 def new generation   total 11904K, used 291K [0x0000000080000000, 0x0000000080ce0000, 0x00000000aaaa0000)
  eden space 10624K,   0% used [0x0000000080000000, 0x0000000080000000, 0x0000000080a60000)
  from space 1280K,  22% used [0x0000000080ba0000, 0x0000000080be8c18, 0x0000000080ce0000)
  to   space 1280K,   0% used [0x0000000080a60000, 0x0000000080a60000, 0x0000000080ba0000)
 tenured generation   total 128736K, used 118197K [0x00000000aaaa0000, 0x00000000b2858000, 0x0000000100000000)
   the space 128736K,  91% used [0x00000000aaaa0000, 0x00000000b1e0d5a8, 0x00000000b1e0d600, 0x00000000b2858000)
 Metaspace       used 28852K, capacity 29376K, committed 29824K, reserved 1075200K
  class space    used 2894K, capacity 3122K, committed 3200K, reserved 1048576K
}
Event: 14.113 GC heap before
{Heap before GC invocations=15 (full 2):
 def new generation   total 11904K, used 10915K [0x0000000080000000, 0x0000000080ce0000, 0x00000000aaaa0000)
  eden space 10624K, 100% used [0x0000000080000000, 0x0000000080a60000, 0x0000000080a60000)
  from space 1280K,  22% used [0x0000000080ba0000, 0x0000000080be8c18, 0x0000000080ce0000)
  to   space 1280K,   0% used [0x0000000080a60000, 0x0000000080a60000, 0x0000000080ba0000)
 tenured generation   total 128736K, used 118197K [0x00000000aaaa0000, 0x00000000b2858000, 0x0000000100000000)
   the space 128736K,  91% used [0x00000000aaaa0000, 0x00000000b1e0d5a8, 0x00000000b1e0d600, 0x00000000b2858000)
 Metaspace       used 28938K, capacity 29507K, committed 30080K, reserved 1077248K
  class space    used 2900K, capacity 3124K, committed 3200K, reserved 1048576K
}
Event: 14.141 GC heap after
{Heap after GC invocations=16 (full 2):
 def new generation   total 11904K, used 1246K [0x0000000080000000, 0x0000000080ce0000, 0x00000000aaaa0000)
  eden space 10624K,   0% used [0x0000000080000000, 0x0000000080000000, 0x0000000080a60000)
  from space 1280K,  97% used [0x0000000080a60000, 0x0000000080b978b8, 0x0000000080ba0000)
  to   space 1280K,   0% used [0x0000000080ba0000, 0x0000000080ba0000, 0x0000000080ce0000)
 tenured generation   total 128736K, used 118197K [0x00000000aaaa0000, 0x00000000b2858000, 0x0000000100000000)
   the space 128736K,  91% used [0x00000000aaaa0000, 0x00000000b1e0d5a8, 0x00000000b1e0d600, 0x00000000b2858000)
 Metaspace       used 28938K, capacity 29507K, committed 30080K, reserved 1077248K
  class space    used 2900K, capacity 3124K, committed 3200K, reserved 1048576K
}
Event: 16.689 GC heap before
{Heap before GC invocations=16 (full 2):
 def new generation   total 11904K, used 11870K [0x0000000080000000, 0x0000000080ce0000, 0x00000000aaaa0000)
  eden space 10624K, 100% used [0x0000000080000000, 0x0000000080a60000, 0x0000000080a60000)
  from space 1280K,  97% used [0x0000000080a60000, 0x0000000080b978b8, 0x0000000080ba0000)
  to   space 1280K,   0% used [0x0000000080ba0000, 0x0000000080ba0000, 0x0000000080ce0000)
 tenured generation   total 128736K, used 118197K [0x00000000aaaa0000, 0x00000000b2858000, 0x0000000100000000)
   the space 128736K,  91% used [0x00000000aaaa0000, 0x00000000b1e0d5a8, 0x00000000b1e0d600, 0x00000000b2858000)
 Metaspace       used 28944K, capacity 29507K, committed 30080K, reserved 1077248K
  class space    used 2900K, capacity 3124K, committed 3200K, reserved 1048576K
}
Event: 16.710 GC heap after
{Heap after GC invocations=17 (full 2):
 def new generation   total 11904K, used 952K [0x0000000080000000, 0x0000000080ce0000, 0x00000000aaaa0000)
  eden space 10624K,   0% used [0x0000000080000000, 0x0000000080000000, 0x0000000080a60000)
  from space 1280K,  74% used [0x0000000080ba0000, 0x0000000080c8e398, 0x0000000080ce0000)
  to   space 1280K,   0% used [0x0000000080a60000, 0x0000000080a60000, 0x0000000080ba0000)
 tenured generation   total 128736K, used 118714K [0x00000000aaaa0000, 0x00000000b2858000, 0x0000000100000000)
   the space 128736K,  92% used [0x00000000aaaa0000, 0x00000000b1e8e928, 0x00000000b1e8ea00, 0x00000000b2858000)
 Metaspace       used 28944K, capacity 29507K, committed 30080K, reserved 1077248K
  class space    used 2900K, capacity 3124K, committed 3200K, reserved 1048576K
}
Event: 17.656 GC heap before
{Heap before GC invocations=17 (full 2):
 def new generation   total 11904K, used 5581K [0x0000000080000000, 0x0000000080ce0000, 0x00000000aaaa0000)
  eden space 10624K,  43% used [0x0000000080000000, 0x0000000080485340, 0x0000000080a60000)
  from space 1280K,  74% used [0x0000000080ba0000, 0x0000000080c8e398, 0x0000000080ce0000)
  to   space 1280K,   0% used [0x0000000080a60000, 0x0000000080a60000, 0x0000000080ba0000)
 tenured generation   total 128736K, used 118714K [0x00000000aaaa0000, 0x00000000b2858000, 0x0000000100000000)
   the space 128736K,  92% used [0x00000000aaaa0000, 0x00000000b1e8e928, 0x00000000b1e8ea00, 0x00000000b2858000)
 Metaspace       used 28964K, capacity 29507K, committed 30080K, reserved 1077248K
  class space    used 2900K, capacity 3124K, committed 3200K, reserved 1048576K
}

